# JRE version: OpenJDK Runtime Environment Corretto-22.0.2.9.1 (22.0.2+9) (build 22.0.2+9-FR)
# Java VM: OpenJDK 64-Bit Server VM Corretto-22.0.2.9.1 (22.0.2+9-FR, mixed mode, sharing, tiered, compressed oops, compressed class ptrs, g1 gc, windows-amd64)
GC Precious Log:
 CardTable entry size: 512
 Card Set container configuration: InlinePtr #cards 4 size 8 Array Of Cards #cards 32 size 80 Howl #buckets 8 coarsen threshold 7372 Howl Bitmap #cards 1024 size 144 coarsen threshold 921 Card regions per heap region 1 cards per card region 8192
 CPUs: 20 total, 20 available
 Memory: 32560M
 Large Page Support: Disabled
 NUMA Support: Disabled
 Compressed Oops: Enabled (Zero based)
 Heap Region Size: 4M
 Heap Min Capacity: 8M
 Heap Initial Capacity: 512M
 Heap Max Capacity: 8144M
 Pre-touch: Disabled
 Parallel Workers: 15
 Concurrent Workers: 4
 Concurrent Refinement Workers: 15
 Periodic GC: Disabled
Heap:
 garbage-first heap   total reserved 8339456K, committed 151552K, used 58380K [0x0000000603000000, 0x0000000800000000)
  region size 4096K, 2 young (8192K), 1 survivors (4096K)
 Metaspace       used 35669K, committed 36288K, reserved 1114112K
  class space    used 4043K, committed 4352K, reserved 1048576K
GC Heap History (20 events):
Event: 0.405 GC heap before
{Heap before GC invocations=0 (full 0):
 garbage-first heap   total reserved 8339456K, committed 524288K, used 24576K [0x0000000603000000, 0x0000000800000000)
  region size 4096K, 6 young (24576K), 0 survivors (0K)
 Metaspace       used 5588K, committed 5824K, reserved 1114112K
  class space    used 656K, committed 768K, reserved 1048576K
}
Event: 0.407 GC heap after
{Heap after GC invocations=1 (full 0):
 garbage-first heap   total reserved 8339456K, committed 524288K, used 4009K [0x0000000603000000, 0x0000000800000000)
  region size 4096K, 1 young (4096K), 1 survivors (4096K)
 Metaspace       used 5588K, committed 5824K, reserved 1114112K
  class space    used 656K, committed 768K, reserved 1048576K
}
Event: 0.891 GC heap before
{Heap before GC invocations=1 (full 0):
 garbage-first heap   total reserved 8339456K, committed 524288K, used 36777K [0x0000000603000000, 0x0000000800000000)
  region size 4096K, 9 young (36864K), 1 survivors (4096K)
 Metaspace       used 9503K, committed 9664K, reserved 1114112K
  class space    used 1141K, committed 1216K, reserved 1048576K
}
Event: 0.893 GC heap after
{Heap after GC invocations=2 (full 0):
 garbage-first heap   total reserved 8339456K, committed 524288K, used 5548K [0x0000000603000000, 0x0000000800000000)
  region size 4096K, 2 young (8192K), 2 survivors (8192K)
 Metaspace       used 9503K, committed 9664K, reserved 1114112K
  class space    used 1141K, committed 1216K, reserved 1048576K
}
Event: 2.634 GC heap before
{Heap before GC invocations=2 (full 0):
 garbage-first heap   total reserved 8339456K, committed 524288K, used 153004K [0x0000000603000000, 0x0000000800000000)
  region size 4096K, 40 young (163840K), 2 survivors (8192K)
 Metaspace       used 21220K, committed 21504K, reserved 1114112K
  class space    used 2472K, committed 2624K, reserved 1048576K
}
Event: 2.642 GC heap after
{Heap after GC invocations=3 (full 0):
 garbage-first heap   total reserved 8339456K, committed 524288K, used 26384K [0x0000000603000000, 0x0000000800000000)
  region size 4096K, 7 young (28672K), 7 survivors (28672K)
 Metaspace       used 21220K, committed 21504K, reserved 1114112K
  class space    used 2472K, committed 2624K, reserved 1048576K
}
Event: 3.877 GC heap before
{Heap before GC invocations=4 (full 0):
 garbage-first heap   total reserved 8339456K, committed 98304K, used 96016K [0x0000000603000000, 0x0000000800000000)
  region size 4096K, 24 young (98304K), 7 survivors (28672K)
 Metaspace       used 27894K, committed 28288K, reserved 1114112K
  class space    used 3188K, committed 3392K, reserved 1048576K
}
Event: 3.888 GC heap after
{Heap after GC invocations=5 (full 0):
 garbage-first heap   total reserved 8339456K, committed 139264K, used 34517K [0x0000000603000000, 0x0000000800000000)
  region size 4096K, 4 young (16384K), 4 survivors (16384K)
 Metaspace       used 27894K, committed 28288K, reserved 1114112K
  class space    used 3188K, committed 3392K, reserved 1048576K
}
Event: 4.404 GC heap before
{Heap before GC invocations=5 (full 0):
 garbage-first heap   total reserved 8339456K, committed 139264K, used 100053K [0x0000000603000000, 0x0000000800000000)
  region size 4096K, 20 young (81920K), 4 survivors (16384K)
 Metaspace       used 29384K, committed 29824K, reserved 1114112K
  class space    used 3348K, committed 3584K, reserved 1048576K
}
Event: 4.408 GC heap after
{Heap after GC invocations=6 (full 0):
 garbage-first heap   total reserved 8339456K, committed 139264K, used 38085K [0x0000000603000000, 0x0000000800000000)
  region size 4096K, 1 young (4096K), 1 survivors (4096K)
 Metaspace       used 29384K, committed 29824K, reserved 1114112K
  class space    used 3348K, committed 3584K, reserved 1048576K
}
Event: 5.040 GC heap before
{Heap before GC invocations=6 (full 0):
 garbage-first heap   total reserved 8339456K, committed 139264K, used 111813K [0x0000000603000000, 0x0000000800000000)
  region size 4096K, 19 young (77824K), 1 survivors (4096K)
 Metaspace       used 31396K, committed 31936K, reserved 1114112K
  class space    used 3564K, committed 3840K, reserved 1048576K
}
Event: 5.043 GC heap after
{Heap after GC invocations=7 (full 0):
 garbage-first heap   total reserved 8339456K, committed 139264K, used 38385K [0x0000000603000000, 0x0000000800000000)
  region size 4096K, 1 young (4096K), 1 survivors (4096K)
 Metaspace       used 31396K, committed 31936K, reserved 1114112K
  class space    used 3564K, committed 3840K, reserved 1048576K
}
Event: 5.230 GC heap before
{Heap before GC invocations=7 (full 0):
 garbage-first heap   total reserved 8339456K, committed 139264K, used 75249K [0x0000000603000000, 0x0000000800000000)
  region size 4096K, 6 young (24576K), 1 survivors (4096K)
 Metaspace       used 31600K, committed 32128K, reserved 1114112K
  class space    used 3570K, committed 3840K, reserved 1048576K
}
Event: 5.233 GC heap after
{Heap after GC invocations=8 (full 0):
 garbage-first heap   total reserved 8339456K, committed 139264K, used 59507K [0x0000000603000000, 0x0000000800000000)
  region size 4096K, 2 young (8192K), 2 survivors (8192K)
 Metaspace       used 31600K, committed 32128K, reserved 1114112K
  class space    used 3570K, committed 3840K, reserved 1048576K
}
Event: 6.028 GC heap before
{Heap before GC invocations=8 (full 0):
 garbage-first heap   total reserved 8339456K, committed 139264K, used 120947K [0x0000000603000000, 0x0000000800000000)
  region size 4096K, 15 young (61440K), 2 survivors (8192K)
 Metaspace       used 32174K, committed 32704K, reserved 1114112K
  class space    used 3612K, committed 3840K, reserved 1048576K
}
Event: 6.037 GC heap after
{Heap after GC invocations=9 (full 0):
 garbage-first heap   total reserved 8339456K, committed 151552K, used 56049K [0x0000000603000000, 0x0000000800000000)
  region size 4096K, 2 young (8192K), 2 survivors (8192K)
 Metaspace       used 32174K, committed 32704K, reserved 1114112K
  class space    used 3612K, committed 3840K, reserved 1048576K
}
Event: 6.807 GC heap before
{Heap before GC invocations=9 (full 0):
 garbage-first heap   total reserved 8339456K, committed 151552K, used 121585K [0x0000000603000000, 0x0000000800000000)
  region size 4096K, 18 young (73728K), 2 survivors (8192K)
 Metaspace       used 35035K, committed 35648K, reserved 1114112K
  class space    used 3977K, committed 4288K, reserved 1048576K
}
Event: 6.811 GC heap after
{Heap after GC invocations=10 (full 0):
 garbage-first heap   total reserved 8339456K, committed 151552K, used 59766K [0x0000000603000000, 0x0000000800000000)
  region size 4096K, 3 young (12288K), 3 survivors (12288K)
 Metaspace       used 35035K, committed 35648K, reserved 1114112K
  class space    used 3977K, committed 4288K, reserved 1048576K
}
Event: 6.851 GC heap before
{Heap before GC invocations=10 (full 0):
 garbage-first heap   total reserved 8339456K, committed 151552K, used 59766K [0x0000000603000000, 0x0000000800000000)
  region size 4096K, 4 young (16384K), 3 survivors (12288K)
 Metaspace       used 35335K, committed 35968K, reserved 1114112K
  class space    used 4012K, committed 4352K, reserved 1048576K
}
Event: 6.856 GC heap after
{Heap after GC invocations=11 (full 0):
 garbage-first heap   total reserved 8339456K, committed 151552K, used 58380K [0x0000000603000000, 0x0000000800000000)
  region size 4096K, 1 young (4096K), 1 survivors (4096K)
 Metaspace       used 35335K, committed 35968K, reserved 1114112K
  class space    used 4012K, committed 4352K, reserved 1048576K
}

